Arguments: 
  /Users/taro/.nvm/versions/node/v16.19.0/bin/node /Users/taro/.nvm/versions/node/v16.19.0/bin/yarn init

PATH: 
  /Users/taro/.nvm/versions/node/v16.19.0/bin:/usr/local/bin:/usr/bin:/bin:/usr/sbin:/sbin:/usr/local/go/bin:/Library/Apple/usr/bin:/usr/local/bin:/Users/taro/Library/Android/sdk/platform-tools:/Library/Java/JavaVirtualMachines/jdk1.8.0_181.jdk/Contents/Home/lib

Yarn version: 
  1.22.19

Node version: 
  16.19.0

Platform: 
  darwin x64

Trace: 
  Error: canceled
      at Interface.<anonymous> (/Users/taro/.nvm/versions/node/v16.19.0/lib/node_modules/yarn/lib/cli.js:137150:13)
      at Interface.emit (node:events:513:28)
      at Interface._ttyWrite (node:readline:1085:16)
      at ReadStream.onkeypress (node:readline:291:10)
      at ReadStream.emit (node:events:513:28)
      at emitKeys (node:internal/readline/utils:357:14)
      at emitKeys.next (<anonymous>)
      at ReadStream.onData (node:internal/readline/emitKeypressEvents:61:36)
      at ReadStream.emit (node:events:513:28)
      at addChunk (node:internal/streams/readable:315:12)

npm manifest: 
  No manifest

yarn manifest: 
  No manifest

Lockfile: 
  No lockfile
